<?xml version="1.0" encoding="UTF-8"?>
<!-- Generated by org.testng.reporters.JUnitReportReporter -->
<testsuite skipped="0" hostname="SACHIN-PC" name="TestNG.TestNG_Annotation" tests="2" failures="0" timestamp="01 Mar 2019 10:43:36 GMT" time="0.050" errors="0">
  <testcase name="method2" time="0.020" classname="TestNG.TestNG_Annotation"/>
  <testcase name="method1" time="0.030" classname="TestNG.TestNG_Annotation"/>
</testsuite> <!-- TestNG.TestNG_Annotation -->
