<?xml version="1.0" encoding="UTF-8"?>
<!-- Generated by org.testng.reporters.JUnitReportReporter -->
<testsuite skipped="0" hostname="SACHIN-PC" name="TestNG.TestNG_TestCase" tests="1" failures="0" timestamp="02 Mar 2019 22:48:56 GMT" time="155.708" errors="0">
  <testcase name="TestNGMethod" time="155.708" classname="TestNG.TestNG_TestCase"/>
</testsuite> <!-- TestNG.TestNG_TestCase -->
