<?xml version="1.0" encoding="UTF-8"?>
<!-- Generated by org.testng.reporters.JUnitReportReporter -->
<testsuite skipped="0" hostname="SACHIN-PC" name="com.TestNG.TestNG_TestCase" tests="1" failures="0" timestamp="03 Mar 2019 19:07:52 GMT" time="411.640" errors="0">
  <testcase name="TestNGMethod" time="411.640" classname="com.TestNG.TestNG_TestCase"/>
</testsuite> <!-- com.TestNG.TestNG_TestCase -->
