<?xml version="1.0" encoding="UTF-8"?>
<!-- Generated by org.testng.reporters.JUnitReportReporter -->
<testsuite skipped="0" hostname="SACHIN-PC" name="TestNG.TestNG_Class" tests="1" failures="0" timestamp="22 Feb 2019 12:00:48 GMT" time="0.060" errors="0">
  <testcase name="testMethod" time="0.060" classname="TestNG.TestNG_Class"/>
</testsuite> <!-- TestNG.TestNG_Class -->
